0 info it worked if it ends with ok
1 verbose cli [ 'node', '/usr/local/bin/npm', 'start' ]
2 info using npm@1.4.23
3 info using node@v0.10.28
4 verbose node symlink /usr/local/bin/node
5 verbose run-script [ 'prestart', 'start', 'poststart' ]
6 info prestart meteor_messages@
7 info start meteor_messages@
8 verbose unsafe-perm in lifecycle true
9 info meteor_messages@ Failed to exec start script
10 error meteor_messages@ start: `meteor run`
10 error Exit status 254
11 error Failed at the meteor_messages@ start script.
11 error This is most likely a problem with the meteor_messages package,
11 error not with npm itself.
11 error Tell the author that this fails on your system:
11 error     meteor run
11 error You can get their info via:
11 error     npm owner ls meteor_messages
11 error There is likely additional logging output above.
12 error System Darwin 15.5.0
13 error command "node" "/usr/local/bin/npm" "start"
14 error cwd /Users/ivan/projects/experiment/meteor_messages
15 error node -v v0.10.28
16 error npm -v 1.4.23
17 error code ELIFECYCLE
18 verbose exit [ 1, true ]
